2023-04-07 14:50:45.476 | INFO     | __main__:run:16 - 

                   开始执行项目...
                   
2023-04-07 14:50:45.944 | ERROR    | utils.requests_control:cookie_token:29 - 获取认证信息失败，请检查: <urllib3.connection.HTTPSConnection object at 0x1059661c0>: Failed to establish a new connection: [Errno 8] nodename nor servname provided, or not known
2023-04-07 14:50:46.025 | WARNING  | conftest:__init__:83 - 当前数据库配置: 关闭
2023-04-07 14:50:46.160 | INFO     | utils.decorator_control:wrapper:34 - 
请求地址: https://open.xwdsp.com/phegda/advrest
请求方法: POST
请求头: {'User-Agent': 'Mozilla/5.0 (Macintosh; Intel Mac OS X 10_15_7) AppleWebKit/537.36 (KHTML, like Gecko) Chrome/107.0.0.0 Safari/537.36'}
请求数据: {'terminal': 'PC', 'apiVersion': '1.0.1', 'site': {'Siteid': 1015, 'siteName': 'waibu', 'qid': '04478', 'pageType': 'null', 'pageUrl': 'https://www.tianqi.com/shanghai/', 'newsType': 'null', 'keywords': '上海天气,上海天气预报,上海天气预报查询,上海今日天气,上海周末天气,上海一周天气预报,上海天气预报一周,天气预报查询一周,上海天气预报10天,上海天气预报查询15天,上海未来一周的天气预报,上海天气情况,上海40日天气预报,天气预报40天,上海30日天气预报,天气预报30天'}, 'device': {'userAgent': 'Mozilla/5.0 (Macintosh; Intel Mac OS X 10_15_7) AppleWebKit/537.36 (KHTML, like Gecko) Chrome/111.0.0.0 Safari/537.36', 'geo': {'country': '', 'city': ''}, 'dnt': 0, 'deviceType': 'PC', 'os': 'MACOS', 'osVersion': 'X', 'height': 1080, 'width': 1920}, 'user': {'userId': '16805156868205498'}, 'imp': [{'slotId': 102298, 'pageNum': '4', 'styleId': [1004]}], 'requestId': '16805156922345810'}
响应数据: {'data': {'ad': [{'adCreativityId': '316082085780724', 'adPlanId': '302235490833', 'adSource': '甬兴', 'category': '1', 'clickReport': ['http://djrp02.admamax.com/dspreport/dsp/rp?data=CAMSIDExOTA0OGVhNTEyMjJiNWNlMGY1NjNjOGIyMzA2MWNhGgJQQyoEMTAxNTIgMjE5MDQ4ZWE1MTIyMmI1Y2UwZjU2M2M4YjIzMDYxY2E6BTA0NDc4QgRudWxsShExNjgwNTE1Njg2ODIwNTQ5OFIGMTAyMjk4WARqCDY2NjU1ODU5cgwzMDIyMzU0OTA4MzN6DzMxNjA4MjA4NTc4MDcyNIIBCjc5ODQyMzUxMDaKAQbkuK3lm72SAQbkuIrmtbeaAQbkuIrmtbeiAQRudWxsqgEFTUFDT1OyAQRudWxsugEEbnVsbMIBBDEwMDLIAYC1GNABuM8X6gEDQ1BN9QG4HqU__QG4HqU_ggIEbnVsbIoCBG51bGySAgRudWxsmAICpQJmZoY_rQIAAIA_uAK4zxc='], 'desc': '风云游资“作手新一”背后大佬终于浮出', 'displayReport': ['http://zsrp02.admamax.com/dspreport/dsp/rp?data=CAESIDExOTA0OGVhNTEyMjJiNWNlMGY1NjNjOGIyMzA2MWNhGgJQQyoEMTAxNTIgMjE5MDQ4ZWE1MTIyMmI1Y2UwZjU2M2M4YjIzMDYxY2E6BTA0NDc4QgRudWxsShExNjgwNTE1Njg2ODIwNTQ5OFIGMTAyMjk4WARqCDY2NjU1ODU5cgwzMDIyMzU0OTA4MzN6DzMxNjA4MjA4NTc4MDcyNIIBCjc5ODQyMzUxMDaKAQbkuK3lm72SAQbkuIrmtbeaAQbkuIrmtbeiAQRudWxsqgEFTUFDT1OyAQRudWxsugEEbnVsbMIBBDEwMDLIAYC1GNABuM8X6gEDQ1BN9QG4HqU__QG4HqU_ggIEbnVsbIoCBG51bGySAgRudWxsmAICpQJmZoY_rQIAAIA_uAK4zxc='], 'displayTime': '0', 'displayUrl': 'http://dsp01.admama.com/2899c286-d418-11ed-9c9a-5254004ce9e5.html', 'imgUrl': ['https://dsp01.admama.com/4e35a68585700e4b0da4f96655fd83d7.gif'], 'impId': '219048ea51222b5ce0f563c8b23061ca', 'industry': '1002', 'inviewReport': ['http://jprp02.admamax.com/dspreport/dsp/rp?data=CAISIDExOTA0OGVhNTEyMjJiNWNlMGY1NjNjOGIyMzA2MWNhGgJQQyoEMTAxNTIgMjE5MDQ4ZWE1MTIyMmI1Y2UwZjU2M2M4YjIzMDYxY2E6BTA0NDc4QgRudWxsShExNjgwNTE1Njg2ODIwNTQ5OFIGMTAyMjk4WARqCDY2NjU1ODU5cgwzMDIyMzU0OTA4MzN6DzMxNjA4MjA4NTc4MDcyNIIBCjc5ODQyMzUxMDaKAQbkuK3lm72SAQbkuIrmtbeaAQbkuIrmtbeiAQRudWxsqgEFTUFDT1OyAQRudWxsugEEbnVsbMIBBDEwMDLIAYC1GNABuM8X4AEB6gEDQ1BN9QG4HqU__QG4HqU_ggIEbnVsbIoCBG51bGySAgRudWxsmAICpQJmZoY_rQIAAIA_uAK4zxc='], 'isForm': '1', 'slotId': '102298', 'styleType': '1004', 'title': '风云游资“作手新一”背后大佬终于浮出', 'videoLink': ''}], 'bidId': '119048ea51222b5ce0f563c8b23061ca', 'requestId': '16805156922345810'}, 'success': True}
响应耗时(ms): 82.0
接口响应码: 200

2023-04-07 15:36:43.826 | INFO     | __main__:run:16 - 

                   开始执行项目...
                   
2023-04-07 15:36:44.266 | WARNING  | utils.requests_control:cookie_token:29 - 未获取到登录认证信息，请检查: EOF occurred in violation of protocol (_ssl.c:1131)
2023-04-07 15:36:44.340 | WARNING  | conftest:__init__:83 - 当前数据库配置: 关闭
2023-04-07 15:36:44.511 | INFO     | utils.decorator_control:wrapper:34 - 
请求地址: https://open.xwdsp.com/phegda/advrest
请求方法: POST
请求头: {'User-Agent': 'Mozilla/5.0 (Macintosh; Intel Mac OS X 10_15_7) AppleWebKit/537.36 (KHTML, like Gecko) Chrome/107.0.0.0 Safari/537.36'}
请求数据: {'terminal': 'PC', 'apiVersion': '1.0.1', 'site': {'Siteid': 1015, 'siteName': 'waibu', 'qid': '04478', 'pageType': 'null', 'pageUrl': 'https://www.tianqi.com/shanghai/', 'newsType': 'null', 'keywords': '上海天气,上海天气预报,上海天气预报查询,上海今日天气,上海周末天气,上海一周天气预报,上海天气预报一周,天气预报查询一周,上海天气预报10天,上海天气预报查询15天,上海未来一周的天气预报,上海天气情况,上海40日天气预报,天气预报40天,上海30日天气预报,天气预报30天'}, 'device': {'userAgent': 'Mozilla/5.0 (Macintosh; Intel Mac OS X 10_15_7) AppleWebKit/537.36 (KHTML, like Gecko) Chrome/111.0.0.0 Safari/537.36', 'geo': {'country': '', 'city': ''}, 'dnt': 0, 'deviceType': 'PC', 'os': 'MACOS', 'osVersion': 'X', 'height': 1080, 'width': 1920}, 'user': {'userId': '16805156868205498'}, 'imp': [{'slotId': 102298, 'pageNum': '5', 'styleId': [1004]}], 'requestId': '16805156922345810'}
响应数据: {'data': {'ad': [{'adCreativityId': '316082085780724', 'adPlanId': '302235490833', 'adSource': '甬兴', 'category': '1', 'clickReport': ['http://djrp.admamax.com/dspreport/dsp/rp?data=CAMSIDQ3YmRmZjRjZjMyMjhiN2U0OGUyMmQwOWMyMzA2MWNhGgJQQyoEMTAxNTIgNTdiZDAwNWNmMzIyOGI3ZTQ4ZTIyZDA5YzIzMDYxY2E6BTA0NDc4QgRudWxsShExNjgwNTE1Njg2ODIwNTQ5OFIGMTAyMjk4WAVqCDY2NjU1ODU5cgwzMDIyMzU0OTA4MzN6DzMxNjA4MjA4NTc4MDcyNIIBCjc5ODQyMzUxMDaKAQbkuK3lm72SAQbkuIrmtbeaAQbkuIrmtbeiAQRudWxsqgEFTUFDT1OyAQRudWxsugEEbnVsbMIBBDEwMDLIAYC1GNABuNsT6gEDQ1BN9QFxPYo__QFxPYo_ggIEbnVsbIoCBG51bGySAgRudWxsmAICpQJmZoY_rQIAAIA_uAK42xM='], 'desc': '风云游资“作手新一”背后大佬终于浮出', 'displayReport': ['http://zsrp.admamax.com/dspreport/dsp/rp?data=CAESIDQ3YmRmZjRjZjMyMjhiN2U0OGUyMmQwOWMyMzA2MWNhGgJQQyoEMTAxNTIgNTdiZDAwNWNmMzIyOGI3ZTQ4ZTIyZDA5YzIzMDYxY2E6BTA0NDc4QgRudWxsShExNjgwNTE1Njg2ODIwNTQ5OFIGMTAyMjk4WAVqCDY2NjU1ODU5cgwzMDIyMzU0OTA4MzN6DzMxNjA4MjA4NTc4MDcyNIIBCjc5ODQyMzUxMDaKAQbkuK3lm72SAQbkuIrmtbeaAQbkuIrmtbeiAQRudWxsqgEFTUFDT1OyAQRudWxsugEEbnVsbMIBBDEwMDLIAYC1GNABuNsT6gEDQ1BN9QFxPYo__QFxPYo_ggIEbnVsbIoCBG51bGySAgRudWxsmAICpQJmZoY_rQIAAIA_uAK42xM='], 'displayTime': '0', 'displayUrl': 'http://dsp01.admama.com/2899c286-d418-11ed-9c9a-5254004ce9e5.html', 'imgUrl': ['https://dsp01.admama.com/4e35a68585700e4b0da4f96655fd83d7.gif'], 'impId': '57bd005cf3228b7e48e22d09c23061ca', 'industry': '1002', 'inviewReport': ['http://jprp.admamax.com/dspreport/dsp/rp?data=CAISIDQ3YmRmZjRjZjMyMjhiN2U0OGUyMmQwOWMyMzA2MWNhGgJQQyoEMTAxNTIgNTdiZDAwNWNmMzIyOGI3ZTQ4ZTIyZDA5YzIzMDYxY2E6BTA0NDc4QgRudWxsShExNjgwNTE1Njg2ODIwNTQ5OFIGMTAyMjk4WAVqCDY2NjU1ODU5cgwzMDIyMzU0OTA4MzN6DzMxNjA4MjA4NTc4MDcyNIIBCjc5ODQyMzUxMDaKAQbkuK3lm72SAQbkuIrmtbeaAQbkuIrmtbeiAQRudWxsqgEFTUFDT1OyAQRudWxsugEEbnVsbMIBBDEwMDLIAYC1GNABuNsT4AEB6gEDQ1BN9QFxPYo__QFxPYo_ggIEbnVsbIoCBG51bGySAgRudWxsmAICpQJmZoY_rQIAAIA_uAK42xM='], 'isForm': '1', 'slotId': '102298', 'styleType': '1004', 'title': '风云游资“作手新一”背后大佬终于浮出', 'videoLink': ''}], 'bidId': '47bdff4cf3228b7e48e22d09c23061ca', 'requestId': '16805156922345810'}, 'success': True}
响应耗时(ms): 88.0
接口响应码: 200

