2023-05-16 12:09:10.483 | INFO     | __main__:run:16 - 

               开始执行项目...
               
2023-05-16 12:09:48.452 | INFO     | __main__:run:16 - 

               开始执行项目...
               
2023-05-16 12:09:48.651 | WARNING  | utils.requests_process.requests_control:cookie_token:36 - 未获取到登录认证信息，请检查: <urllib3.connection.HTTPSConnection object at 0x1059a3290>: Failed to establish a new connection: [Errno 8] nodename nor servname provided, or not known
2023-05-16 12:09:48.661 | WARNING  | utils.requests_process.requests_control:cookie_token:36 - 未获取到登录认证信息，请检查: <urllib3.connection.HTTPSConnection object at 0x105591e90>: Failed to establish a new connection: [Errno 8] nodename nor servname provided, or not known
2023-05-16 12:09:48.661 | WARNING  | conftest:__init__:88 - 当前数据库配置: 关闭
2023-05-16 12:09:48.808 | INFO     | utils.requests_process.requests_control:wrapper:81 - 请求返回结果为text类型
2023-05-16 12:09:48.808 | INFO     | utils.requests_process.requests_control:wrapper:91 - 
请求地址: https://open.xwdsp.com/login
请求方法: POST
请求头: {'User-Agent': 'Mozilla/5.0 (Macintosh; Intel Mac OS X 10_15_7) AppleWebKit/537.36 (KHTML, like Gecko) Chrome/107.0.0.0 Safari/537.36'}
请求数据: None
响应数据: 404
响应耗时(ms): 81.0
接口响应码: 404

2023-05-16 12:09:48.854 | WARNING  | utils.requests_process.requests_control:cookie_token:36 - 未获取到登录认证信息，请检查: <urllib3.connection.HTTPSConnection object at 0x105b69c50>: Failed to establish a new connection: [Errno 8] nodename nor servname provided, or not known
2023-05-16 12:09:48.863 | WARNING  | utils.requests_process.requests_control:cookie_token:36 - 未获取到登录认证信息，请检查: <urllib3.connection.HTTPSConnection object at 0x105c37390>: Failed to establish a new connection: [Errno 8] nodename nor servname provided, or not known
2023-05-16 12:09:48.863 | WARNING  | conftest:__init__:88 - 当前数据库配置: 关闭
2023-05-16 12:09:48.940 | INFO     | utils.requests_process.requests_control:wrapper:81 - 请求返回结果为text类型
2023-05-16 12:09:48.940 | INFO     | utils.requests_process.requests_control:wrapper:91 - 
请求地址: https://open.xwdsp.com/login
请求方法: POST
请求头: {'User-Agent': 'Mozilla/5.0 (Macintosh; Intel Mac OS X 10_15_7) AppleWebKit/537.36 (KHTML, like Gecko) Chrome/107.0.0.0 Safari/537.36'}
请求数据: None
响应数据: 404
响应耗时(ms): 75.0
接口响应码: 404

2023-05-16 12:09:48.968 | WARNING  | utils.requests_process.requests_control:cookie_token:36 - 未获取到登录认证信息，请检查: <urllib3.connection.HTTPSConnection object at 0x105c4b610>: Failed to establish a new connection: [Errno 8] nodename nor servname provided, or not known
2023-05-16 12:09:48.980 | WARNING  | utils.requests_process.requests_control:cookie_token:36 - 未获取到登录认证信息，请检查: <urllib3.connection.HTTPSConnection object at 0x105c4b050>: Failed to establish a new connection: [Errno 8] nodename nor servname provided, or not known
2023-05-16 12:09:48.981 | WARNING  | conftest:__init__:88 - 当前数据库配置: 关闭
2023-05-16 12:09:49.066 | INFO     | utils.requests_process.requests_control:wrapper:91 - 
请求地址: https://open.xwdsp.com/phegda/advrest
请求方法: POST
请求头: {'User-Agent': 'Mozilla/5.0 (Macintosh; Intel Mac OS X 10_15_7) AppleWebKit/537.36 (KHTML, like Gecko) Chrome/107.0.0.0 Safari/537.36'}
请求数据: {'terminal': 'PC', 'apiVersion': '1.0.1', 'site': {'Siteid': 1015, 'siteName': 'waibu', 'qid': '04478', 'pageType': 'null', 'pageUrl': 'https://www.tianqi.com/shanghai/', 'newsType': 'null', 'keywords': '上海天气,上海天气预报,上海天气预报查询,上海今日天气,上海周末天气,上海一周天气预报,上海天气预报一周,天气预报查询一周,上海天气预报10天,上海天气预报查询15天,上海未来一周的天气预报,上海天气情况,上海40日天气预报,天气预报40天,上海30日天气预报,天气预报30天'}, 'device': {'userAgent': 'Mozilla/5.0 (Macintosh; Intel Mac OS X 10_15_7) AppleWebKit/537.36 (KHTML, like Gecko) Chrome/111.0.0.0 Safari/537.36', 'geo': {'country': '', 'city': ''}, 'dnt': 0, 'deviceType': 'PC', 'os': 'MACOS', 'osVersion': 'X', 'height': 1080, 'width': 1920}, 'user': {'userId': '16805156868205498'}, 'imp': [{'slotId': 102298, 'pageNum': '3', 'styleId': [1004]}], 'requestId': '16805156922345810'}
响应数据: {'msg': 'bad request ...', 'success': False}
响应耗时(ms): 84.0
接口响应码: 400

2023-05-16 12:09:49.081 | WARNING  | utils.requests_process.requests_control:cookie_token:36 - 未获取到登录认证信息，请检查: <urllib3.connection.HTTPSConnection object at 0x105cb1210>: Failed to establish a new connection: [Errno 8] nodename nor servname provided, or not known
2023-05-16 12:09:49.090 | WARNING  | utils.requests_process.requests_control:cookie_token:36 - 未获取到登录认证信息，请检查: <urllib3.connection.HTTPSConnection object at 0x105cb0110>: Failed to establish a new connection: [Errno 8] nodename nor servname provided, or not known
2023-05-16 12:09:49.091 | WARNING  | conftest:__init__:88 - 当前数据库配置: 关闭
2023-05-16 12:09:49.170 | INFO     | utils.requests_process.requests_control:wrapper:81 - 请求返回结果为text类型
2023-05-16 12:09:49.170 | INFO     | utils.requests_process.requests_control:wrapper:91 - 
请求地址: https://open.xwdsp.com/upload
请求方法: POST
请求头: {'User-Agent': 'Mozilla/5.0 (Macintosh; Intel Mac OS X 10_15_7) AppleWebKit/537.36 (KHTML, like Gecko) Chrome/107.0.0.0 Safari/537.36'}
请求数据: {'key': '13992950320', 'key2': None}
响应数据: 404
响应耗时(ms): 77.0
接口响应码: 404

2023-05-16 12:09:49.199 | WARNING  | utils.requests_process.requests_control:cookie_token:36 - 未获取到登录认证信息，请检查: <urllib3.connection.HTTPSConnection object at 0x105c44dd0>: Failed to establish a new connection: [Errno 8] nodename nor servname provided, or not known
2023-05-16 12:09:49.209 | WARNING  | utils.requests_process.requests_control:cookie_token:36 - 未获取到登录认证信息，请检查: <urllib3.connection.HTTPSConnection object at 0x105c44ad0>: Failed to establish a new connection: [Errno 8] nodename nor servname provided, or not known
2023-05-16 12:09:49.209 | WARNING  | conftest:__init__:88 - 当前数据库配置: 关闭
2023-05-16 12:09:49.294 | INFO     | utils.requests_process.requests_control:wrapper:81 - 请求返回结果为text类型
2023-05-16 12:09:49.294 | INFO     | utils.requests_process.requests_control:wrapper:91 - 
请求地址: https://open.xwdsp.com/upload
请求方法: POST
请求头: {'User-Agent': 'Mozilla/5.0 (Macintosh; Intel Mac OS X 10_15_7) AppleWebKit/537.36 (KHTML, like Gecko) Chrome/107.0.0.0 Safari/537.36'}
请求数据: {'key': ['158'], 'key2': [None]}
响应数据: 404
响应耗时(ms): 83.0
接口响应码: 404

