2023-07-11 15:08:10.458 | WARNING  | conftest:<module>:99 - 当前配置库未配置或配置有误
2023-07-11 15:08:29.388 | WARNING  | conftest:<module>:99 - 当前配置库未配置或配置有误
2023-07-11 15:08:29.463 | WARNING  | utils.requests_process.requests_control:cookie_token:32 - 未获取到登录认证信息，请检查: [Errno 8] nodename nor servname provided, or not known
2023-07-11 15:08:29.820 | INFO     | utils.requests_process.requests_control:wrapper:66 - 
请求地址: https://open.xwdsp.com/phegda/advrest
请求方法: POST
请求头: {'User-Agent': 'Mozilla/5.0 (Macintosh; Intel Mac OS X 10_15_7) AppleWebKit/537.36 (KHTML, like Gecko) Chrome/107.0.0.0 Safari/537.36'}
请求数据: {'terminal': 'PC', 'apiVersion': '1.0.1', 'site': {'Siteid': 1015, 'siteName': 'waibu', 'qid': '04478', 'pageType': 'null', 'pageUrl': 'https://www.tianqi.com/shanghai/', 'newsType': 'null', 'keywords': '上海天气,上海天气预报,上海天气预报查询,上海今日天气,上海周末天气,上海一周天气预报,上海天气预报一周,天气预报查询一周,上海天气预报10天,上海天气预报查询15天,上海未来一周的天气预报,上海天气情况,上海40日天气预报,天气预报40天,上海30日天气预报,天气预报30天'}, 'device': {'userAgent': 'Mozilla/5.0 (Macintosh; Intel Mac OS X 10_15_7) AppleWebKit/537.36 (KHTML, like Gecko) Chrome/111.0.0.0 Safari/537.36', 'geo': {'country': '', 'city': ''}, 'dnt': 0, 'deviceType': 'PC', 'os': 'MACOS', 'osVersion': 'X', 'height': 1080, 'width': 1920}, 'user': {'userId': '16805156868205498'}, 'imp': [{'slotId': 102298, 'pageNum': '2', 'styleId': [1004]}], 'requestId': '16805156922345810'}
响应数据: {'msg': 'bad request ...', 'success': False}
响应耗时(ms): 354.0
接口响应码: 400

2023-07-11 15:24:31.645 | INFO     | __main__:run:16 - 

               开始执行项目...
               
2023-07-11 15:24:31.789 | WARNING  | conftest:<module>:99 - 当前配置库未配置或配置有误
2023-07-11 15:24:31.871 | WARNING  | utils.requests_process.requests_control:cookie_token:32 - 未获取到登录认证信息，请检查: [Errno 8] nodename nor servname provided, or not known
2023-07-11 15:24:32.207 | INFO     | utils.requests_process.requests_control:wrapper:72 - 
请求地址: https://open.xwdsp.com/phegda/advrest
请求方法: POST
请求头: {'User-Agent': 'Mozilla/5.0 (Macintosh; Intel Mac OS X 10_15_7) AppleWebKit/537.36 (KHTML, like Gecko) Chrome/107.0.0.0 Safari/537.36'}
请求数据: {'terminal': 'PC', 'apiVersion': '1.0.1', 'site': {'Siteid': 1015, 'siteName': 'waibu', 'qid': '04478', 'pageType': 'null', 'pageUrl': 'https://www.tianqi.com/shanghai/', 'newsType': 'null', 'keywords': '上海天气,上海天气预报,上海天气预报查询,上海今日天气,上海周末天气,上海一周天气预报,上海天气预报一周,天气预报查询一周,上海天气预报10天,上海天气预报查询15天,上海未来一周的天气预报,上海天气情况,上海40日天气预报,天气预报40天,上海30日天气预报,天气预报30天'}, 'device': {'userAgent': 'Mozilla/5.0 (Macintosh; Intel Mac OS X 10_15_7) AppleWebKit/537.36 (KHTML, like Gecko) Chrome/111.0.0.0 Safari/537.36', 'geo': {'country': '', 'city': ''}, 'dnt': 0, 'deviceType': 'PC', 'os': 'MACOS', 'osVersion': 'X', 'height': 1080, 'width': 1920}, 'user': {'userId': '16805156868205498'}, 'imp': [{'slotId': 102298, 'pageNum': '1', 'styleId': [1004]}], 'requestId': '16805156922345810'}
响应数据: {'msg': 'bad request ...', 'success': False}
响应耗时(ms): 334.0
接口响应码: 400

