2023-06-19 11:35:56.910 | INFO     | __main__:run:16 - 

               开始执行项目...
               
2023-06-19 11:35:57.046 | WARNING  | conftest:<module>:85 - 当前配置库未配置或配置有误
2023-06-19 11:35:57.144 | WARNING  | utils.requests_process.requests_control:cookie_token:38 - 未获取到登录认证信息，请检查: <urllib3.connection.HTTPSConnection object at 0x105392d50>: Failed to establish a new connection: [Errno 8] nodename nor servname provided, or not known
2023-06-19 11:35:57.270 | INFO     | utils.requests_process.requests_control:wrapper:84 - 请求返回结果为text类型
2023-06-19 11:35:57.271 | INFO     | utils.requests_process.requests_control:wrapper:94 - 
请求地址: https://open.xwdsp.com/login
请求方法: POST
请求头: {'User-Agent': 'Mozilla/5.0 (Macintosh; Intel Mac OS X 10_15_7) AppleWebKit/537.36 (KHTML, like Gecko) Chrome/107.0.0.0 Safari/537.36'}
请求数据: None
响应数据: 404
响应耗时(ms): 78.0
接口响应码: 404

2023-06-19 11:35:57.321 | INFO     | utils.requests_process.requests_control:wrapper:84 - 请求返回结果为text类型
2023-06-19 11:35:57.321 | INFO     | utils.requests_process.requests_control:wrapper:94 - 
请求地址: https://open.xwdsp.com/login
请求方法: POST
请求头: {'User-Agent': 'Mozilla/5.0 (Macintosh; Intel Mac OS X 10_15_7) AppleWebKit/537.36 (KHTML, like Gecko) Chrome/107.0.0.0 Safari/537.36'}
请求数据: None
响应数据: 404
响应耗时(ms): 27.0
接口响应码: 404

2023-06-19 11:35:57.368 | INFO     | utils.requests_process.requests_control:wrapper:94 - 
请求地址: https://open.xwdsp.com/phegda/advrest
请求方法: POST
请求头: {'User-Agent': 'Mozilla/5.0 (Macintosh; Intel Mac OS X 10_15_7) AppleWebKit/537.36 (KHTML, like Gecko) Chrome/107.0.0.0 Safari/537.36'}
请求数据: {'terminal': 'PC', 'apiVersion': '1.0.1', 'site': {'Siteid': 1015, 'siteName': 'waibu', 'qid': '04478', 'pageType': 'null', 'pageUrl': 'https://www.tianqi.com/shanghai/', 'newsType': 'null', 'keywords': '上海天气,上海天气预报,上海天气预报查询,上海今日天气,上海周末天气,上海一周天气预报,上海天气预报一周,天气预报查询一周,上海天气预报10天,上海天气预报查询15天,上海未来一周的天气预报,上海天气情况,上海40日天气预报,天气预报40天,上海30日天气预报,天气预报30天'}, 'device': {'userAgent': 'Mozilla/5.0 (Macintosh; Intel Mac OS X 10_15_7) AppleWebKit/537.36 (KHTML, like Gecko) Chrome/111.0.0.0 Safari/537.36', 'geo': {'country': '', 'city': ''}, 'dnt': 0, 'deviceType': 'PC', 'os': 'MACOS', 'osVersion': 'X', 'height': 1080, 'width': 1920}, 'user': {'userId': '16805156868205498'}, 'imp': [{'slotId': 102298, 'pageNum': '3', 'styleId': [1004]}], 'requestId': '16805156922345810'}
响应数据: {'msg': 'bad request ...', 'success': False}
响应耗时(ms): 42.0
接口响应码: 400

2023-06-19 11:35:57.456 | INFO     | utils.requests_process.requests_control:wrapper:84 - 请求返回结果为text类型
2023-06-19 11:35:57.456 | INFO     | utils.requests_process.requests_control:wrapper:94 - 
请求地址: https://open.xwdsp.com/upload
请求方法: POST
请求头: {'User-Agent': 'Mozilla/5.0 (Macintosh; Intel Mac OS X 10_15_7) AppleWebKit/537.36 (KHTML, like Gecko) Chrome/107.0.0.0 Safari/537.36'}
请求数据: {'key': '14543052460', 'key2': None}
响应数据: 404
响应耗时(ms): 80.0
接口响应码: 404

2023-06-19 11:35:57.490 | INFO     | utils.requests_process.requests_control:wrapper:84 - 请求返回结果为text类型
2023-06-19 11:35:57.490 | INFO     | utils.requests_process.requests_control:wrapper:94 - 
请求地址: https://open.xwdsp.com/upload
请求方法: POST
请求头: {'User-Agent': 'Mozilla/5.0 (Macintosh; Intel Mac OS X 10_15_7) AppleWebKit/537.36 (KHTML, like Gecko) Chrome/107.0.0.0 Safari/537.36'}
请求数据: {'key': ['3593'], 'key2': [None]}
响应数据: 404
响应耗时(ms): 27.0
接口响应码: 404

2023-06-19 13:54:27.133 | WARNING  | __main__:<module>:86 - 当前配置库未配置或配置有误
